Build started 29/1/2016 10:44:50 p. m..
     1>Project "C:\Users\Victor\documents\visual studio 2013\Projects\Array\Array\Array.vcxproj" on node 2 (Build target(s)).
     1>ClCompile:
         C:\Program Files (x86)\Microsoft Visual Studio 12.0\VC\bin\CL.exe /c /ZI /nologo /W3 /WX- /sdl /Od /Oy- /D WIN32 /D _DEBUG /D _CONSOLE /D _LIB /D _UNICODE /D UNICODE /Gm /EHsc /RTC1 /MDd /GS /fp:precise /Zc:wchar_t /Zc:forScope /Yu"stdafx.h" /Fp"Debug\Array.pch" /Fo"Debug\\" /Fd"Debug\vc120.pdb" /Gd /TP /analyze- /errorReport:prompt Array.cpp
         Array.cpp
     1>c:\program files (x86)\microsoft visual studio 12.0\vc\include\xutility(2132): error C4996: 'std::_Copy_impl': Function call with parameters that may be unsafe - this call relies on the caller to check that the passed values are correct. To disable this warning, use -D_SCL_SECURE_NO_WARNINGS. See documentation on how to use Visual C++ 'Checked Iterators'
                 c:\program files (x86)\microsoft visual studio 12.0\vc\include\xutility(2113) : see declaration of 'std::_Copy_impl'
                 c:\users\victor\documents\visual studio 2013\projects\array\array\array.cpp(26) : see reference to function template instantiation '_OutIt std::copy<int*,int*>(_InIt,_InIt,_OutIt)' being compiled
                 with
                 [
                     _OutIt=int *
         ,            _InIt=int *
                 ]
     1>Done Building Project "C:\Users\Victor\documents\visual studio 2013\Projects\Array\Array\Array.vcxproj" (Build target(s)) -- FAILED.

Build FAILED.

Time Elapsed 00:00:00.12
